<?xml version="1.0" encoding="UTF-8"?>
<!-- Generated by org.testng.reporters.JUnitReportReporter -->
<testsuite hostname="LAPTOP-BIGCRPEL" failures="0" tests="1" name="listingmultipleproducts.NewTest" time="0.006" errors="0" timestamp="2022-09-15T05:58:42 IST" skipped="0">
  <testcase classname="listingmultipleproducts.NewTest" name="f" time="0.006"/>
  <system-out/>
</testsuite> <!-- listingmultipleproducts.NewTest -->
