<?xml version="1.0" encoding="UTF-8"?>
<!-- Generated by org.testng.reporters.JUnitReportReporter -->
<testsuite hostname="LAPTOP-BIGCRPEL" failures="0" tests="1" name="githubchecking" time="0.010" errors="0" timestamp="2022-11-10T21:16:08 IST" skipped="0">
  <testcase classname="githubchecking" name="git" time="0.010"/>
  <system-out/>
</testsuite> <!-- githubchecking -->
