<?xml version="1.0" encoding="UTF-8"?>
<!-- Generated by org.testng.reporters.JUnitReportReporter -->
<testsuite hostname="LAPTOP-BIGCRPEL" failures="0" tests="1" name="org.nushoptc.Nushop.rudra" time="9.056" errors="0" timestamp="2022-09-13T13:29:10 IST" skipped="0">
  <testcase classname="org.nushoptc.Nushop.rudra" name="website_navigator" time="9.056"/>
  <system-out/>
</testsuite> <!-- org.nushoptc.Nushop.rudra -->
