<?xml version="1.0" encoding="UTF-8"?>
<!-- Generated by org.testng.reporters.JUnitReportReporter -->
<testsuite hostname="LAPTOP-BIGCRPEL" failures="0" tests="1" name="listingmultipleproducts.listing" time="21.392" errors="0" timestamp="2022-09-13T19:27:36 IST" skipped="0">
  <testcase classname="listingmultipleproducts.listing" name="Listing_products" time="21.392"/>
  <system-out/>
</testsuite> <!-- listingmultipleproducts.listing -->
