<?xml version="1.0" encoding="UTF-8"?>
<!-- Generated by org.testng.reporters.JUnitReportReporter -->
<testsuite hostname="LAPTOP-BIGCRPEL" failures="0" tests="3" name="testngreports.reportsgeneration" time="0.014" errors="0" timestamp="2022-09-19T14:24:29 IST" skipped="0">
  <testcase classname="testngreports.reportsgeneration" name="login" time="0.010"/>
  <system-out/>
  <testcase classname="testngreports.reportsgeneration" name="namepage" time="0.002"/>
  <system-out/>
  <testcase classname="testngreports.reportsgeneration" name="successfulpage" time="0.002"/>
  <system-out/>
</testsuite> <!-- testngreports.reportsgeneration -->
