<?xml version="1.0" encoding="UTF-8"?>
<!-- Generated by org.testng.reporters.JUnitReportReporter -->
<testsuite hostname="LAPTOP-BIGCRPEL" failures="0" tests="1" name="dashwithfront.dashfrontvalidation" time="50.466" errors="0" timestamp="2022-09-19T16:29:32 IST" skipped="0">
  <testcase classname="dashwithfront.dashfrontvalidation" name="validation" time="50.466"/>
  <system-out/>
</testsuite> <!-- dashwithfront.dashfrontvalidation -->
