<?xml version="1.0" encoding="UTF-8"?>
<!-- Generated by org.testng.reporters.JUnitReportReporter -->
<testsuite hostname="LAPTOP-BIGCRPEL" failures="0" tests="1" name="randompractice" time="75.250" errors="0" timestamp="2022-09-14T16:58:41 IST" skipped="0">
  <testcase classname="randompractice" name="Random" time="75.250"/>
  <system-out/>
</testsuite> <!-- randompractice -->
